# JRE version: Java(TM) SE Runtime Environment 18.9 (11.0.7+8) (build 11.0.7+8-LTS)
# Java VM: Java HotSpot(TM) 64-Bit Server VM 18.9 (11.0.7+8-LTS, mixed mode, tiered, compressed oops, g1 gc, windows-amd64)
Heap:
 garbage-first heap   total 131072K, used 28068K [0x00000000e0000000, 0x0000000100000000)
  region size 1024K, 21 young (21504K), 8 survivors (8192K)
 Metaspace       used 36340K, capacity 37440K, committed 37680K, reserved 1081344K
  class space    used 4488K, capacity 4884K, committed 4992K, reserved 1048576K
GC Heap History (10 events):
Event: 1.599 GC heap before
{Heap before GC invocations=2 (full 0):
 garbage-first heap   total 131072K, used 29505K [0x00000000e0000000, 0x0000000100000000)
  region size 1024K, 22 young (22528K), 1 survivors (1024K)
 Metaspace       used 16627K, capacity 17184K, committed 17280K, reserved 1064960K
  class space    used 1893K, capacity 2105K, committed 2176K, reserved 1048576K
}
Event: 1.604 GC heap after
{Heap after GC invocations=3 (full 0):
 garbage-first heap   total 131072K, used 9841K [0x00000000e0000000, 0x0000000100000000)
  region size 1024K, 3 young (3072K), 3 survivors (3072K)
 Metaspace       used 16627K, capacity 17184K, committed 17280K, reserved 1064960K
  class space    used 1893K, capacity 2105K, committed 2176K, reserved 1048576K
}
Event: 1.947 GC heap before
{Heap before GC invocations=3 (full 0):
 garbage-first heap   total 131072K, used 29297K [0x00000000e0000000, 0x0000000100000000)
  region size 1024K, 23 young (23552K), 3 survivors (3072K)
 Metaspace       used 20514K, capacity 21164K, committed 21296K, reserved 1069056K
  class space    used 2378K, capacity 2605K, committed 2688K, reserved 1048576K
}
Event: 1.954 GC heap after
{Heap after GC invocations=4 (full 0):
 garbage-first heap   total 131072K, used 10886K [0x00000000e0000000, 0x0000000100000000)
  region size 1024K, 4 young (4096K), 4 survivors (4096K)
 Metaspace       used 20514K, capacity 21164K, committed 21296K, reserved 1069056K
  class space    used 2378K, capacity 2605K, committed 2688K, reserved 1048576K
}
Event: 2.474 GC heap before
{Heap before GC invocations=5 (full 0):
 garbage-first heap   total 131072K, used 51846K [0x00000000e0000000, 0x0000000100000000)
  region size 1024K, 44 young (45056K), 4 survivors (4096K)
 Metaspace       used 26034K, capacity 26936K, committed 27056K, reserved 1073152K
  class space    used 3193K, capacity 3488K, committed 3584K, reserved 1048576K
}
Event: 2.483 GC heap after
{Heap after GC invocations=6 (full 0):
 garbage-first heap   total 131072K, used 11999K [0x00000000e0000000, 0x0000000100000000)
  region size 1024K, 4 young (4096K), 4 survivors (4096K)
 Metaspace       used 26034K, capacity 26936K, committed 27056K, reserved 1073152K
  class space    used 3193K, capacity 3488K, committed 3584K, reserved 1048576K
}
Event: 2.975 GC heap before
{Heap before GC invocations=6 (full 0):
 garbage-first heap   total 131072K, used 76511K [0x00000000e0000000, 0x0000000100000000)
  region size 1024K, 68 young (69632K), 4 survivors (4096K)
 Metaspace       used 30107K, capacity 31070K, committed 31408K, reserved 1077248K
  class space    used 3657K, capacity 3995K, committed 4096K, reserved 1048576K
}
Event: 2.985 GC heap after
{Heap after GC invocations=7 (full 0):
 garbage-first heap   total 131072K, used 13229K [0x00000000e0000000, 0x0000000100000000)
  region size 1024K, 6 young (6144K), 6 survivors (6144K)
 Metaspace       used 30107K, capacity 31070K, committed 31408K, reserved 1077248K
  class space    used 3657K, capacity 3995K, committed 4096K, reserved 1048576K
}
Event: 4.698 GC heap before
{Heap before GC invocations=7 (full 0):
 garbage-first heap   total 131072K, used 83885K [0x00000000e0000000, 0x0000000100000000)
  region size 1024K, 76 young (77824K), 6 survivors (6144K)
 Metaspace       used 34787K, capacity 35864K, committed 35920K, reserved 1081344K
  class space    used 4272K, capacity 4680K, committed 4736K, reserved 1048576K
}
Event: 4.715 GC heap after
{Heap after GC invocations=8 (full 0):
 garbage-first heap   total 131072K, used 15780K [0x00000000e0000000, 0x0000000100000000)
  region size 1024K, 8 young (8192K), 8 survivors (8192K)
 Metaspace       used 34787K, capacity 35864K, committed 35920K, reserved 1081344K
  class space    used 4272K, capacity 4680K, committed 4736K, reserved 1048576K
}

